build/outputs/logs/manifest-merger-debug-report.txt
-- Merging decision tree log ---
manifest
ADDED from flexicar_lupe\SensoresDemo\AndroidManifest.xml:2:1-43:12
	package
		ADDED from flexicar_lupe\SensoresDemo\AndroidManifest.xml:3:5-35
	android:versionName
		ADDED from flexicar_lupe\SensoresDemo\AndroidManifest.xml:5:5-30
		INJECTED from flexicar_lupe\SensoresDemo\AndroidManifest.xml
		INJECTED from flexicar_lupe\SensoresDemo\AndroidManifest.xml
	android:versionCode
		ADDED from flexicar_lupe\SensoresDemo\AndroidManifest.xml:4:5-28
		INJECTED from flexicar_lupe\SensoresDemo\AndroidManifest.xml
		INJECTED from flexicar_lupe\SensoresDemo\AndroidManifest.xml
	xmlns:android
		ADDED from flexicar_lupe\SensoresDemo\AndroidManifest.xml:2:11-69
uses-sdk
ADDED from flexicar_lupe\SensoresDemo\AndroidManifest.xml:7:5-9:41
	android:targetSdkVersion
		ADDED from flexicar_lupe\SensoresDemo\AndroidManifest.xml:9:9-38
	android:minSdkVersion
		ADDED from flexicar_lupe\SensoresDemo\AndroidManifest.xml:8:9-34
uses-permission#android.permission.VIBRATE
ADDED from flexicar_lupe\SensoresDemo\AndroidManifest.xml:11:5-66
	android:name
		ADDED from flexicar_lupe\SensoresDemo\AndroidManifest.xml:11:22-63
uses-permission#android.permission.WRITE_EXTERNAL_STORAGE
ADDED from flexicar_lupe\SensoresDemo\AndroidManifest.xml:12:5-80
	android:name
		ADDED from flexicar_lupe\SensoresDemo\AndroidManifest.xml:12:22-78
uses-permission#android.permission.RECEIVE_BOOT_COMPLETED
ADDED from flexicar_lupe\SensoresDemo\AndroidManifest.xml:13:2-78
	android:name
		ADDED from flexicar_lupe\SensoresDemo\AndroidManifest.xml:13:19-75
application
ADDED from flexicar_lupe\SensoresDemo\AndroidManifest.xml:15:5-41:19
	android:label
		ADDED from flexicar_lupe\SensoresDemo\AndroidManifest.xml:17:9-41
	android:icon
		ADDED from flexicar_lupe\SensoresDemo\AndroidManifest.xml:16:9-45
activity#es.epinanab.sensores.TiemposDeSensor
ADDED from flexicar_lupe\SensoresDemo\AndroidManifest.xml:18:9-26:20
	android:screenOrientation
		ADDED from flexicar_lupe\SensoresDemo\AndroidManifest.xml:21:13-49
	android:label
		ADDED from flexicar_lupe\SensoresDemo\AndroidManifest.xml:20:13-46
	android:name
		ADDED from flexicar_lupe\SensoresDemo\AndroidManifest.xml:19:13-44
intent-filter#android.intent.category.LAUNCHER
ADDED from flexicar_lupe\SensoresDemo\AndroidManifest.xml:23:13-25:29
category#android.intent.category.LAUNCHER
ADDED from flexicar_lupe\SensoresDemo\AndroidManifest.xml:24:17-77
	android:name
		ADDED from flexicar_lupe\SensoresDemo\AndroidManifest.xml:24:27-74
activity#es.epinanab.sensores.MainActivity
ADDED from flexicar_lupe\SensoresDemo\AndroidManifest.xml:27:9-35:20
	android:label
		ADDED from flexicar_lupe\SensoresDemo\AndroidManifest.xml:29:13-45
	android:name
		ADDED from flexicar_lupe\SensoresDemo\AndroidManifest.xml:28:13-41
intent-filter#android.intent.action.MAIN+android.intent.category.LAUNCHER
ADDED from flexicar_lupe\SensoresDemo\AndroidManifest.xml:30:13-34:29
action#android.intent.action.MAIN
ADDED from flexicar_lupe\SensoresDemo\AndroidManifest.xml:31:17-69
	android:name
		ADDED from flexicar_lupe\SensoresDemo\AndroidManifest.xml:31:25-66
receiver#es.epinanab.sensores.BootReciever
ADDED from flexicar_lupe\SensoresDemo\AndroidManifest.xml:36:9-40:14
	android:name
		ADDED from flexicar_lupe\SensoresDemo\AndroidManifest.xml:36:19-47
intent-filter#android.intent.action.BOOT_COMPLETED
ADDED from flexicar_lupe\SensoresDemo\AndroidManifest.xml:37:7-39:23
action#android.intent.action.BOOT_COMPLETED
ADDED from flexicar_lupe\SensoresDemo\AndroidManifest.xml:38:11-72
	android:name
		ADDED from flexicar_lupe\SensoresDemo\AndroidManifest.xml:38:19-70